<?xml version="1.0" encoding="UTF-8"?>
<!-- Generated by org.testng.reporters.JUnitReportReporter -->
<testsuite hostname="Hestabits-MacBook-Pro.local" failures="0" tests="1" name="JaigerMeisterSuperAdminLogin.Tc_002JaigerMeisterSuperadminStats" time="16.530" errors="0" timestamp="2024-03-20T20:13:00 IST" skipped="0">
  <testcase classname="JaigerMeisterSuperAdminLogin.Tc_002JaigerMeisterSuperadminStats" name="Statsoption" time="16.530"/>
  <system-out/>
</testsuite> <!-- JaigerMeisterSuperAdminLogin.Tc_002JaigerMeisterSuperadminStats -->
