<?xml version="1.0" encoding="UTF-8"?>
<!-- Generated by org.testng.reporters.JUnitReportReporter -->
<testsuite hostname="Hestabits-MacBook-Pro.local" failures="0" tests="1" name="JaigerMeisterSuperAdminLogin.TC_001Superadmin" time="5.989" errors="0" timestamp="2024-03-20T19:09:11 IST" skipped="0">
  <testcase classname="JaigerMeisterSuperAdminLogin.TC_001Superadmin" name="verify_superadminlogin" time="5.989"/>
  <system-out/>
</testsuite> <!-- JaigerMeisterSuperAdminLogin.TC_001Superadmin -->
