<?xml version="1.0" encoding="UTF-8"?>
<!-- Generated by org.testng.reporters.JUnitReportReporter -->
<testsuite hostname="DESKTOP-25552JB" failures="0" tests="1" name="RallerTestCases.TC_002UserManagement" time="23.022" errors="0" timestamp="2024-03-12T19:42:28 IST" skipped="0">
  <testcase classname="RallerTestCases.TC_002UserManagement" name="usersetup" time="23.022"/>
</testsuite> <!-- RallerTestCases.TC_002UserManagement -->
