<?xml version="1.0" encoding="UTF-8"?>
<!-- Generated by org.testng.reporters.JUnitReportReporter -->
<testsuite hostname="DESKTOP-25552JB" failures="0" tests="1" name="TripoogleTestCase.Tc_004forgetpassword" time="2.188" errors="0" timestamp="2024-03-04T02:20:01 IST" skipped="0">
  <testcase classname="TripoogleTestCase.Tc_004forgetpassword" name="verify_forget_password" time="2.188"/>
</testsuite> <!-- TripoogleTestCase.Tc_004forgetpassword -->
