<?xml version="1.0" encoding="UTF-8"?>
<!-- Generated by org.testng.reporters.JUnitReportReporter -->
<testsuite hostname="DESKTOP-25552JB" failures="0" tests="1" name="IcontentTestCases.Resetpassword" time="15.911" errors="0" timestamp="2024-03-08T18:35:40 IST" skipped="0">
  <testcase classname="IcontentTestCases.Resetpassword" name="verify_resetpassword" time="15.911"/>
</testsuite> <!-- IcontentTestCases.Resetpassword -->
