<?xml version="1.0" encoding="UTF-8"?>
<!-- Generated by org.testng.reporters.JUnitReportReporter -->
<testsuite hostname="DESKTOP-25552JB" failures="0" tests="1" name="TripoogleTestCase.TC_003login" time="5.771" errors="0" timestamp="2024-02-29T01:44:22 IST" skipped="0">
  <testcase classname="TripoogleTestCase.TC_003login" name="verify_account_login" time="5.771"/>
</testsuite> <!-- TripoogleTestCase.TC_003login -->
