<?xml version="1.0" encoding="UTF-8"?>
<!-- Generated by org.testng.reporters.JUnitReportReporter -->
<testsuite hostname="DESKTOP-25552JB" failures="0" tests="1" name="RallerTestCases.TC_003UserManagements" time="17.209" errors="0" timestamp="2024-03-14T17:57:06 IST" skipped="0">
  <testcase classname="RallerTestCases.TC_003UserManagements" name="usersetups" time="17.209"/>
</testsuite> <!-- RallerTestCases.TC_003UserManagements -->
