<?xml version="1.0" encoding="UTF-8"?>
<!-- Generated by org.testng.reporters.JUnitReportReporter -->
<testsuite hostname="DESKTOP-25552JB" failures="0" tests="1" name="IcontentTestCases.Professionalcreate" time="10.793" errors="0" timestamp="2024-03-08T17:37:58 IST" skipped="0">
  <testcase classname="IcontentTestCases.Professionalcreate" name="verif_professional" time="10.793"/>
</testsuite> <!-- IcontentTestCases.Professionalcreate -->
