<?xml version="1.0" encoding="UTF-8"?>
<!-- Generated by org.testng.reporters.JUnitReportReporter -->
<testsuite hostname="DESKTOP-25552JB" failures="0" tests="1" name="IcontentTestCases.signuphomeowners" time="31.876" errors="0" timestamp="2024-03-05T13:19:07 IST" skipped="0">
  <testcase classname="IcontentTestCases.signuphomeowners" name="verify_signup_homeowners" time="31.876"/>
</testsuite> <!-- IcontentTestCases.signuphomeowners -->
