<?xml version="1.0" encoding="UTF-8"?>
<!-- Generated by org.testng.reporters.JUnitReportReporter -->
<testsuite hostname="DESKTOP-25552JB" failures="0" tests="1" name="TripoogleTestCase.TC_002signup" time="14.238" errors="0" timestamp="2024-02-28T19:07:06 IST" skipped="0">
  <testcase classname="TripoogleTestCase.TC_002signup" name="verify_account_registration" time="14.238"/>
</testsuite> <!-- TripoogleTestCase.TC_002signup -->
