<?xml version="1.0" encoding="UTF-8"?>
<!-- Generated by org.testng.reporters.JUnitReportReporter -->
<testsuite hostname="DESKTOP-25552JB" failures="0" tests="1" name="IcontentTestCases.Signupclassprofessional" time="22.127" errors="0" timestamp="2024-03-05T14:57:03 IST" skipped="0">
  <testcase classname="IcontentTestCases.Signupclassprofessional" name="verify_signup_registration" time="22.127"/>
</testsuite> <!-- IcontentTestCases.Signupclassprofessional -->
