<?xml version="1.0" encoding="UTF-8"?>
<!-- Generated by org.testng.reporters.JUnitReportReporter -->
<testsuite hostname="DESKTOP-25552JB" failures="0" tests="1" name="IcontentTestCases.Signupclasswithemail" time="23.680" errors="0" timestamp="2024-03-13T13:52:31 IST" skipped="0">
  <testcase classname="IcontentTestCases.Signupclasswithemail" name="verify_signup_registration" time="23.680"/>
</testsuite> <!-- IcontentTestCases.Signupclasswithemail -->
