<?xml version="1.0" encoding="UTF-8"?>
<!-- Generated by org.testng.reporters.JUnitReportReporter -->
<testsuite hostname="DESKTOP-25552JB" failures="0" tests="1" name="IcontentTestCases.Signupwithcode" time="17.277" errors="0" timestamp="2024-03-13T14:14:14 IST" skipped="0">
  <testcase classname="IcontentTestCases.Signupwithcode" name="verify_signup_registrationcode" time="17.277"/>
</testsuite> <!-- IcontentTestCases.Signupwithcode -->
