<?xml version="1.0" encoding="UTF-8"?>
<!-- Generated by org.testng.reporters.JUnitReportReporter -->
<testsuite hostname="DESKTOP-25552JB" failures="0" tests="1" name="IcontentTestCases.Signupclass" time="46.510" errors="0" timestamp="2024-03-05T12:13:13 IST" skipped="0">
  <testcase classname="IcontentTestCases.Signupclass" name="verify_signup_registration" time="46.510"/>
</testsuite> <!-- IcontentTestCases.Signupclass -->
