<?xml version="1.0" encoding="UTF-8"?>
<!-- Generated by org.testng.reporters.JUnitReportReporter -->
<testsuite hostname="DESKTOP-25552JB" failures="0" tests="1" name="Rallarservices.Superadmin" time="0.517" errors="0" timestamp="2024-03-04T16:58:26 IST" skipped="0">
  <testcase classname="Rallarservices.Superadmin" name="email" time="0.517"/>
</testsuite> <!-- Rallarservices.Superadmin -->
