<?xml version="1.0" encoding="UTF-8"?>
<!-- Generated by org.testng.reporters.JUnitReportReporter -->
<testsuite hostname="Hestabits-MacBook-Pro.local" failures="0" tests="1" name="RallerTestCases.TC_003UserManagements" time="15.950" errors="0" timestamp="2024-03-18T12:52:31 IST" skipped="0">
  <testcase classname="RallerTestCases.TC_003UserManagements" name="usersetups" time="15.950"/>
  <system-out/>
</testsuite> <!-- RallerTestCases.TC_003UserManagements -->
