<?xml version="1.0" encoding="UTF-8"?>
<!-- Generated by org.testng.reporters.JUnitReportReporter -->
<testsuite hostname="DESKTOP-25552JB" failures="0" tests="1" name="IcontentTestCases.Projectcreationtestcases" time="11.379" errors="0" timestamp="2024-03-07T15:32:42 IST" skipped="0">
  <testcase classname="IcontentTestCases.Projectcreationtestcases" name="pcreation" time="11.379"/>
</testsuite> <!-- IcontentTestCases.Projectcreationtestcases -->
