<?xml version="1.0" encoding="UTF-8"?>
<!-- Generated by org.testng.reporters.JUnitReportReporter -->
<testsuite hostname="Hestabits-MacBook-Pro.local" failures="0" tests="1" name="RallerTestCases.TC_006Finaltestingchatbot" time="62.098" errors="0" timestamp="2024-03-18T12:31:35 IST" skipped="0">
  <testcase classname="RallerTestCases.TC_006Finaltestingchatbot" name="finalsetup" time="62.098"/>
  <system-out/>
</testsuite> <!-- RallerTestCases.TC_006Finaltestingchatbot -->
