<?xml version="1.0" encoding="UTF-8"?>
<!-- Generated by org.testng.reporters.JUnitReportReporter -->
<testsuite hostname="Hestabits-MacBook-Pro.local" failures="0" tests="1" name="JaigerMeisterSuperAdminLogin.TC_001Superadmin" time="20.343" errors="0" timestamp="2024-03-21T13:14:48 IST" skipped="0">
  <testcase classname="JaigerMeisterSuperAdminLogin.TC_001Superadmin" name="verify_superadminlogin" time="20.343"/>
  <system-out/>
</testsuite> <!-- JaigerMeisterSuperAdminLogin.TC_001Superadmin -->
