<?xml version="1.0" encoding="UTF-8"?>
<!-- Generated by org.testng.reporters.JUnitReportReporter -->
<testsuite hostname="DESKTOP-25552JB" failures="0" tests="1" name="IcontentTestCases.Login" time="56.644" errors="0" timestamp="2024-03-13T14:01:33 IST" skipped="0">
  <testcase classname="IcontentTestCases.Login" name="verify_login" time="56.644"/>
</testsuite> <!-- IcontentTestCases.Login -->
