<?xml version="1.0" encoding="UTF-8"?>
<!-- Generated by org.testng.reporters.JUnitReportReporter -->
<testsuite hostname="DESKTOP-25552JB" failures="0" tests="1" name="IcontentTestCases.Professionalcreate" time="16.684" errors="0" timestamp="2024-03-13T14:04:01 IST" skipped="0">
  <testcase classname="IcontentTestCases.Professionalcreate" name="verif_professional" time="16.684"/>
</testsuite> <!-- IcontentTestCases.Professionalcreate -->
