<?xml version="1.0" encoding="UTF-8"?>
<!-- Generated by org.testng.reporters.JUnitReportReporter -->
<testsuite hostname="DESKTOP-25552JB" failures="0" tests="1" name="Icontentlogin.Loginfunctionality" time="3.251" errors="0" timestamp="2024-03-05T13:26:49 IST" skipped="0">
  <testcase classname="Icontentlogin.Loginfunctionality" name="loginTest" time="3.251"/>
</testsuite> <!-- Icontentlogin.Loginfunctionality -->
