<?xml version="1.0" encoding="UTF-8"?>
<!-- Generated by org.testng.reporters.JUnitReportReporter -->
<testsuite hostname="Hestabits-MacBook-Pro.local" failures="0" tests="1" name="RallerTestCases.TC_003Usertitles" time="37.787" errors="0" timestamp="2024-03-18T15:57:28 IST" skipped="0">
  <testcase classname="RallerTestCases.TC_003Usertitles" name="usersetups" time="37.787"/>
  <system-out/>
</testsuite> <!-- RallerTestCases.TC_003Usertitles -->
