<?xml version="1.0" encoding="UTF-8"?>
<!-- Generated by org.testng.reporters.JUnitReportReporter -->
<testsuite hostname="Hestabits-MacBook-Pro.local" failures="0" tests="1" name="RallerTestCases.TC_001Adminlogin" time="5.252" errors="0" timestamp="2024-03-18T13:53:00 IST" skipped="0">
  <testcase classname="RallerTestCases.TC_001Adminlogin" name="verifylogin" time="5.252"/>
  <system-out/>
</testsuite> <!-- RallerTestCases.TC_001Adminlogin -->
