<?xml version="1.0" encoding="UTF-8"?>
<!-- Generated by org.testng.reporters.JUnitReportReporter -->
<testsuite hostname="DESKTOP-25552JB" failures="0" tests="1" name="RallerTestCases.TC_004Chatbot" time="42.207" errors="0" timestamp="2024-03-15T02:47:07 IST" skipped="0">
  <testcase classname="RallerTestCases.TC_004Chatbot" name="chatsetup" time="42.207"/>
</testsuite> <!-- RallerTestCases.TC_004Chatbot -->
