<?xml version="1.0" encoding="UTF-8"?>
<!-- Generated by org.testng.reporters.JUnitReportReporter -->
<testsuite hostname="Hestabits-MacBook-Pro.local" failures="0" tests="1" name="RallerTestCases.TC_002UserManagement" time="20.895" errors="0" timestamp="2024-03-18T12:48:53 IST" skipped="0">
  <testcase classname="RallerTestCases.TC_002UserManagement" name="usersetup" time="20.895"/>
  <system-out/>
</testsuite> <!-- RallerTestCases.TC_002UserManagement -->
