<?xml version="1.0" encoding="UTF-8"?>
<!-- Generated by org.testng.reporters.JUnitReportReporter -->
<testsuite hostname="Hestabits-MacBook-Pro.local" failures="0" tests="1" name="RallerTestCases.TC_005Existuserchat" time="185.757" errors="0" timestamp="2024-03-18T12:29:54 IST" skipped="0">
  <testcase classname="RallerTestCases.TC_005Existuserchat" name="existuserchatt" time="185.757"/>
  <system-out/>
</testsuite> <!-- RallerTestCases.TC_005Existuserchat -->
