<?xml version="1.0" encoding="UTF-8"?>
<!-- Generated by org.testng.reporters.JUnitReportReporter -->
<testsuite hostname="DESKTOP-25552JB" failures="0" tests="1" name="TripoogleTestCase.TC_003login" time="6.230" errors="0" timestamp="2024-03-04T01:46:49 IST" skipped="0">
  <testcase classname="TripoogleTestCase.TC_003login" name="verify_account_login" time="6.230"/>
</testsuite> <!-- TripoogleTestCase.TC_003login -->
