<?xml version="1.0" encoding="UTF-8"?>
<!-- Generated by org.testng.reporters.JUnitReportReporter -->
<testsuite hostname="DESKTOP-25552JB" failures="0" tests="1" name="TripoogleTestCase.TC_002signup" time="14.820" errors="0" timestamp="2024-03-05T22:23:10 IST" skipped="0">
  <testcase classname="TripoogleTestCase.TC_002signup" name="verify_account_registration" time="14.820"/>
</testsuite> <!-- TripoogleTestCase.TC_002signup -->
