<?xml version="1.0" encoding="UTF-8"?>
<!-- Generated by org.testng.reporters.JUnitReportReporter -->
<testsuite hostname="DESKTOP-25552JB" failures="0" tests="1" name="UrbanSoccerTestCase.TC_001Adminlogin" time="11.517" errors="0" timestamp="2024-03-12T19:58:49 IST" skipped="0">
  <testcase classname="UrbanSoccerTestCase.TC_001Adminlogin" name="verifysignup" time="11.517"/>
</testsuite> <!-- UrbanSoccerTestCase.TC_001Adminlogin -->
