<?xml version="1.0" encoding="UTF-8"?>
<!-- Generated by org.testng.reporters.JUnitReportReporter -->
<testsuite hostname="DESKTOP-25552JB" failures="0" tests="1" name="IcontentTestCases.Signupclassprofessional" time="22.359" errors="0" timestamp="2024-03-13T13:43:34 IST" skipped="0">
  <testcase classname="IcontentTestCases.Signupclassprofessional" name="verify_signup_registration" time="22.359"/>
</testsuite> <!-- IcontentTestCases.Signupclassprofessional -->
