<?xml version="1.0" encoding="UTF-8"?>
<!-- Generated by org.testng.reporters.JUnitReportReporter -->
<testsuite hostname="Hestabits-MacBook-Pro.local" failures="0" tests="1" name="IcontentTestCases.Login" time="53.208" errors="0" timestamp="2024-03-26T08:22:42 IST" skipped="0">
  <testcase classname="IcontentTestCases.Login" name="verify_login" time="53.208"/>
  <system-out/>
</testsuite> <!-- IcontentTestCases.Login -->
