<?xml version="1.0" encoding="UTF-8"?>
<!-- Generated by org.testng.reporters.JUnitReportReporter -->
<testsuite hostname="DESKTOP-25552JB" failures="0" tests="1" name="RallerTestCases.TC_001Adminlogin" time="8.273" errors="0" timestamp="2024-03-12T15:53:08 IST" skipped="0">
  <testcase classname="RallerTestCases.TC_001Adminlogin" name="verifylogin" time="8.273"/>
</testsuite> <!-- RallerTestCases.TC_001Adminlogin -->
