<?xml version="1.0" encoding="UTF-8"?>
<!-- Generated by org.testng.reporters.JUnitReportReporter -->
<testsuite hostname="DESKTOP-25552JB" failures="0" tests="1" name="Office.Loginonemail" time="2.992" errors="0" timestamp="2024-03-14T11:35:45 IST" skipped="0">
  <testcase classname="Office.Loginonemail" name="log" time="2.992"/>
</testsuite> <!-- Office.Loginonemail -->
