<?xml version="1.0" encoding="UTF-8"?>
<!-- Generated by org.testng.reporters.JUnitReportReporter -->
<testsuite hostname="Hestabits-MacBook-Pro.local" failures="0" tests="1" name="UrbanTestCases.TC_001_loginadmin" time="3.193" errors="0" timestamp="2024-03-18T01:35:27 IST" skipped="0">
  <testcase classname="UrbanTestCases.TC_001_loginadmin" name="sigin" time="3.193"/>
  <system-out/>
</testsuite> <!-- UrbanTestCases.TC_001_loginadmin -->
