<?xml version="1.0" encoding="UTF-8"?>
<!-- Generated by org.testng.reporters.JUnitReportReporter -->
<testsuite hostname="DESKTOP-25552JB" failures="0" tests="1" name="IcontentTestCases.Projectcreationtestcases" time="9.796" errors="0" timestamp="2024-03-06T17:19:54 IST" skipped="0">
  <testcase classname="IcontentTestCases.Projectcreationtestcases" name="pcreation" time="9.796"/>
</testsuite> <!-- IcontentTestCases.Projectcreationtestcases -->
