<?xml version="1.0" encoding="UTF-8"?>
<!-- Generated by org.testng.reporters.JUnitReportReporter -->
<testsuite hostname="DESKTOP-25552JB" failures="0" tests="1" name="IcontentTestCases.Login" time="7.637" errors="0" timestamp="2024-03-06T17:19:02 IST" skipped="0">
  <testcase classname="IcontentTestCases.Login" name="verify_login" time="7.637"/>
</testsuite> <!-- IcontentTestCases.Login -->
