<?xml version="1.0" encoding="UTF-8"?>
<!-- Generated by org.testng.reporters.JUnitReportReporter -->
<testsuite hostname="DESKTOP-25552JB" failures="0" tests="1" name="Office.Loginonemail" time="1.487" errors="0" timestamp="2024-03-04T17:58:00 IST" skipped="0">
  <testcase classname="Office.Loginonemail" name="log" time="1.487"/>
</testsuite> <!-- Office.Loginonemail -->
