<?xml version="1.0" encoding="UTF-8"?>
<!-- Generated by org.testng.reporters.JUnitReportReporter -->
<testsuite hostname="DESKTOP-25552JB" failures="0" tests="1" name="Onemail.Login" time="1.615" errors="0" timestamp="2024-03-04T15:30:35 IST" skipped="0">
  <testcase classname="Onemail.Login" name="log" time="1.615"/>
</testsuite> <!-- Onemail.Login -->
