<?xml version="1.0" encoding="UTF-8"?>
<!-- Generated by org.testng.reporters.JUnitReportReporter -->
<testsuite hostname="Hestabits-MacBook-Pro.local" failures="0" tests="1" name="UrbanTestCases.TC_001_loginadmin" time="28.475" errors="0" timestamp="2024-03-21T14:24:13 IST" skipped="0">
  <testcase classname="UrbanTestCases.TC_001_loginadmin" name="sigin" time="28.475"/>
  <system-out/>
</testsuite> <!-- UrbanTestCases.TC_001_loginadmin -->
