<?xml version="1.0" encoding="UTF-8"?>
<!-- Generated by org.testng.reporters.JUnitReportReporter -->
<testsuite hostname="DESKTOP-25552JB" failures="0" tests="1" name="RallerTestCases.Finaltestingchatbot" time="80.204" errors="0" timestamp="2024-03-15T04:43:22 IST" skipped="0">
  <testcase classname="RallerTestCases.Finaltestingchatbot" name="finalsetup" time="80.204"/>
</testsuite> <!-- RallerTestCases.Finaltestingchatbot -->
