<?xml version="1.0" encoding="UTF-8"?>
<!-- Generated by org.testng.reporters.JUnitReportReporter -->
<testsuite hostname="DESKTOP-25552JB" failures="0" tests="1" name="UrbanTestCases.TC_001_loginadmin" time="1.199" errors="0" timestamp="2024-03-13T01:21:35 IST" skipped="0">
  <testcase classname="UrbanTestCases.TC_001_loginadmin" name="signin" time="1.199"/>
</testsuite> <!-- UrbanTestCases.TC_001_loginadmin -->
